<?xml version="1.0" encoding="UTF-8"?>
<!-- Generated by org.testng.reporters.JUnitXMLReporter -->
<testsuite ignored="0" hostname="DESKTOP-9S6H9Q2" failures="0" tests="4" name="Test Case" time="225.972" errors="0" timestamp="2023-05-26T10:57:13 IST">
  <testcase classname="loginTestCase.LoginWithBothCorrect" name="bothCorrect" time="32.094"/>
  <testcase classname="loginTestCase.LoginWithBothIncorrect" name="bothInCorrect" time="74.813"/>
  <testcase classname="loginTestCase.LoginWithCrtPassword" name="CrtPassword" time="58.046"/>
  <testcase classname="loginTestCase.LoginWithCrtUserName" name="crtUserName" time="60.857"/>
</testsuite> <!-- Test Case -->
