<?xml version="1.0" encoding="UTF-8"?>
<!-- Generated by org.testng.reporters.JUnitXMLReporter -->
<testsuite ignored="0" hostname="DESKTOP-9S6H9Q2" failures="0" tests="4" name="LoginWithBothCorrect" time="122.678" errors="0" timestamp="2023-05-26T12:16:06 IST">
  <testcase classname="LoginTestUsingDataProvider.TestNGDataProvider" name="login" time="24.608"/>
  <testcase classname="LoginTestUsingDataProvider.TestNGDataProvider" name="login" time="52.565"/>
  <testcase classname="LoginTestUsingDataProvider.TestNGDataProvider" name="login" time="22.899"/>
  <testcase classname="LoginTestUsingDataProvider.TestNGDataProvider" name="login" time="22.425"/>
</testsuite> <!-- LoginWithBothCorrect -->
