<?xml version="1.0" encoding="UTF-8"?>
<!-- Generated by org.testng.reporters.JUnitXMLReporter -->
<testsuite ignored="0" hostname="DESKTOP-9S6H9Q2" failures="0" tests="4" name="Default test" time="20.302" errors="0" timestamp="2023-05-26T14:50:28 IST">
  <testcase classname="loginUsingDataProviderAndJXLJar.UsingDataProviderAndJXLJar" name="login" time="7.536"/>
  <testcase classname="loginUsingDataProviderAndJXLJar.UsingDataProviderAndJXLJar" name="login" time="6.102"/>
  <testcase classname="loginUsingDataProviderAndJXLJar.UsingDataProviderAndJXLJar" name="login" time="2.642"/>
  <testcase classname="loginUsingDataProviderAndJXLJar.UsingDataProviderAndJXLJar" name="login" time="3.498"/>
</testsuite> <!-- Default test -->
