<?xml version="1.0" encoding="UTF-8"?>
<testng-results ignored="0" total="4" passed="4" failed="0" skipped="0">
  <reporter-output>
  </reporter-output>
  <suite started-at="2023-05-26T14:50:07 IST" name="Default suite" finished-at="2023-05-26T14:50:27 IST" duration-ms="20302">
    <groups>
    </groups>
    <test started-at="2023-05-26T14:50:07 IST" name="Default test" finished-at="2023-05-26T14:50:27 IST" duration-ms="20302">
      <class name="loginUsingDataProviderAndJXLJar.UsingDataProviderAndJXLJar">
        <test-method is-config="true" signature="launchBrowser()[pri:0, instance:loginUsingDataProviderAndJXLJar.UsingDataProviderAndJXLJar@36916eb0]" started-at="2023-05-26T14:49:40 IST" name="launchBrowser" finished-at="2023-05-26T14:50:07 IST" duration-ms="27576" status="PASS">
          <reporter-output>
          </reporter-output>
        </test-method> <!-- launchBrowser -->
        <test-method signature="login(java.lang.String,java.lang.String)[pri:0, instance:loginUsingDataProviderAndJXLJar.UsingDataProviderAndJXLJar@36916eb0]" started-at="2023-05-26T14:50:08 IST" name="login" data-provider="loginData" finished-at="2023-05-26T14:50:15 IST" duration-ms="7536" status="PASS">
          <params>
            <param index="0">
              <value>
                <![CDATA[Admin]]>
              </value>
            </param>
            <param index="1">
              <value>
                <![CDATA[admin1234]]>
              </value>
            </param>
          </params>
          <reporter-output>
          </reporter-output>
        </test-method> <!-- login -->
        <test-method signature="login(java.lang.String,java.lang.String)[pri:0, instance:loginUsingDataProviderAndJXLJar.UsingDataProviderAndJXLJar@36916eb0]" started-at="2023-05-26T14:50:15 IST" name="login" data-provider="loginData" finished-at="2023-05-26T14:50:21 IST" duration-ms="6102" status="PASS">
          <params>
            <param index="0">
              <value>
                <![CDATA[Admin1]]>
              </value>
            </param>
            <param index="1">
              <value>
                <![CDATA[admin1234]]>
              </value>
            </param>
          </params>
          <reporter-output>
          </reporter-output>
        </test-method> <!-- login -->
        <test-method signature="login(java.lang.String,java.lang.String)[pri:0, instance:loginUsingDataProviderAndJXLJar.UsingDataProviderAndJXLJar@36916eb0]" started-at="2023-05-26T14:50:21 IST" name="login" data-provider="loginData" finished-at="2023-05-26T14:50:24 IST" duration-ms="2642" status="PASS">
          <params>
            <param index="0">
              <value>
                <![CDATA[Admin1]]>
              </value>
            </param>
            <param index="1">
              <value>
                <![CDATA[admin123]]>
              </value>
            </param>
          </params>
          <reporter-output>
          </reporter-output>
        </test-method> <!-- login -->
        <test-method signature="login(java.lang.String,java.lang.String)[pri:0, instance:loginUsingDataProviderAndJXLJar.UsingDataProviderAndJXLJar@36916eb0]" started-at="2023-05-26T14:50:24 IST" name="login" data-provider="loginData" finished-at="2023-05-26T14:50:27 IST" duration-ms="3498" status="PASS">
          <params>
            <param index="0">
              <value>
                <![CDATA[Admin]]>
              </value>
            </param>
            <param index="1">
              <value>
                <![CDATA[admin123]]>
              </value>
            </param>
          </params>
          <reporter-output>
          </reporter-output>
        </test-method> <!-- login -->
        <test-method is-config="true" signature="name()[pri:0, instance:loginUsingDataProviderAndJXLJar.UsingDataProviderAndJXLJar@36916eb0]" started-at="2023-05-26T14:50:28 IST" name="name" finished-at="2023-05-26T14:50:29 IST" duration-ms="999" status="PASS">
          <reporter-output>
          </reporter-output>
        </test-method> <!-- name -->
      </class> <!-- loginUsingDataProviderAndJXLJar.UsingDataProviderAndJXLJar -->
    </test> <!-- Default test -->
  </suite> <!-- Default suite -->
</testng-results>
